C:\USERS\ILANA\DOCUMENTS\GITHUB\PROJETBENABOUVUILLEMIN\MULTIARMEDBANDITBV\DEBUG\MULTIARMEDBANDITBV.EXE
C:\USERS\ILANA\DOCUMENTS\GITHUB\PROJETBENABOUVUILLEMIN\MULTIARMEDBANDITBV\DEBUG\MULTIARMEDBANDITBV.ILK
C:\USERS\ILANA\DOCUMENTS\GITHUB\PROJETBENABOUVUILLEMIN\MULTIARMEDBANDITBV\DEBUG\MULTIARMEDBANDITBV.PDB
C:\USERS\ILANA\DOCUMENTS\GITHUB\PROJETBENABOUVUILLEMIN\MULTIARMEDBANDITBV\MULTIARMEDBANDITBV\DEBUG\ARM.OBJ
C:\USERS\ILANA\DOCUMENTS\GITHUB\PROJETBENABOUVUILLEMIN\MULTIARMEDBANDITBV\MULTIARMEDBANDITBV\DEBUG\BANDIT.OBJ
C:\Users\ilana\Documents\GitHub\ProjetBenabouVuillemin\MultiArmedBanditBV\MultiArmedBanditBV\Debug\cl.command.1.tlog
C:\Users\ilana\Documents\GitHub\ProjetBenabouVuillemin\MultiArmedBanditBV\MultiArmedBanditBV\Debug\CL.read.1.tlog
C:\Users\ilana\Documents\GitHub\ProjetBenabouVuillemin\MultiArmedBanditBV\MultiArmedBanditBV\Debug\CL.write.1.tlog
C:\USERS\ILANA\DOCUMENTS\GITHUB\PROJETBENABOUVUILLEMIN\MULTIARMEDBANDITBV\MULTIARMEDBANDITBV\DEBUG\EXPONENTIAL.OBJ
C:\Users\ilana\Documents\GitHub\ProjetBenabouVuillemin\MultiArmedBanditBV\MultiArmedBanditBV\Debug\link.18092.read.1.tlog
C:\Users\ilana\Documents\GitHub\ProjetBenabouVuillemin\MultiArmedBanditBV\MultiArmedBanditBV\Debug\link.18092.write.1.tlog
C:\Users\ilana\Documents\GitHub\ProjetBenabouVuillemin\MultiArmedBanditBV\MultiArmedBanditBV\Debug\link.18092-cvtres.read.1.tlog
C:\Users\ilana\Documents\GitHub\ProjetBenabouVuillemin\MultiArmedBanditBV\MultiArmedBanditBV\Debug\link.18092-cvtres.write.1.tlog
C:\Users\ilana\Documents\GitHub\ProjetBenabouVuillemin\MultiArmedBanditBV\MultiArmedBanditBV\Debug\link.22988.read.1.tlog
C:\Users\ilana\Documents\GitHub\ProjetBenabouVuillemin\MultiArmedBanditBV\MultiArmedBanditBV\Debug\link.22988.write.1.tlog
C:\Users\ilana\Documents\GitHub\ProjetBenabouVuillemin\MultiArmedBanditBV\MultiArmedBanditBV\Debug\link.22988-cvtres.read.1.tlog
C:\Users\ilana\Documents\GitHub\ProjetBenabouVuillemin\MultiArmedBanditBV\MultiArmedBanditBV\Debug\link.22988-cvtres.write.1.tlog
C:\Users\ilana\Documents\GitHub\ProjetBenabouVuillemin\MultiArmedBanditBV\MultiArmedBanditBV\Debug\link.24140.read.1.tlog
C:\Users\ilana\Documents\GitHub\ProjetBenabouVuillemin\MultiArmedBanditBV\MultiArmedBanditBV\Debug\link.24140.write.1.tlog
C:\Users\ilana\Documents\GitHub\ProjetBenabouVuillemin\MultiArmedBanditBV\MultiArmedBanditBV\Debug\link.24140-cvtres.read.1.tlog
C:\Users\ilana\Documents\GitHub\ProjetBenabouVuillemin\MultiArmedBanditBV\MultiArmedBanditBV\Debug\link.24140-cvtres.write.1.tlog
C:\Users\ilana\Documents\GitHub\ProjetBenabouVuillemin\MultiArmedBanditBV\MultiArmedBanditBV\Debug\link.24224.read.1.tlog
C:\Users\ilana\Documents\GitHub\ProjetBenabouVuillemin\MultiArmedBanditBV\MultiArmedBanditBV\Debug\link.24224.write.1.tlog
C:\Users\ilana\Documents\GitHub\ProjetBenabouVuillemin\MultiArmedBanditBV\MultiArmedBanditBV\Debug\link.24224-cvtres.read.1.tlog
C:\Users\ilana\Documents\GitHub\ProjetBenabouVuillemin\MultiArmedBanditBV\MultiArmedBanditBV\Debug\link.24224-cvtres.write.1.tlog
C:\Users\ilana\Documents\GitHub\ProjetBenabouVuillemin\MultiArmedBanditBV\MultiArmedBanditBV\Debug\link.24336.read.1.tlog
C:\Users\ilana\Documents\GitHub\ProjetBenabouVuillemin\MultiArmedBanditBV\MultiArmedBanditBV\Debug\link.24336.write.1.tlog
C:\Users\ilana\Documents\GitHub\ProjetBenabouVuillemin\MultiArmedBanditBV\MultiArmedBanditBV\Debug\link.24336-cvtres.read.1.tlog
C:\Users\ilana\Documents\GitHub\ProjetBenabouVuillemin\MultiArmedBanditBV\MultiArmedBanditBV\Debug\link.24336-cvtres.write.1.tlog
C:\Users\ilana\Documents\GitHub\ProjetBenabouVuillemin\MultiArmedBanditBV\MultiArmedBanditBV\Debug\link.24656.read.1.tlog
C:\Users\ilana\Documents\GitHub\ProjetBenabouVuillemin\MultiArmedBanditBV\MultiArmedBanditBV\Debug\link.24656.write.1.tlog
C:\Users\ilana\Documents\GitHub\ProjetBenabouVuillemin\MultiArmedBanditBV\MultiArmedBanditBV\Debug\link.24656-cvtres.read.1.tlog
C:\Users\ilana\Documents\GitHub\ProjetBenabouVuillemin\MultiArmedBanditBV\MultiArmedBanditBV\Debug\link.24656-cvtres.write.1.tlog
C:\Users\ilana\Documents\GitHub\ProjetBenabouVuillemin\MultiArmedBanditBV\MultiArmedBanditBV\Debug\link.4684.read.1.tlog
C:\Users\ilana\Documents\GitHub\ProjetBenabouVuillemin\MultiArmedBanditBV\MultiArmedBanditBV\Debug\link.4684.write.1.tlog
C:\Users\ilana\Documents\GitHub\ProjetBenabouVuillemin\MultiArmedBanditBV\MultiArmedBanditBV\Debug\link.4684-cvtres.read.1.tlog
C:\Users\ilana\Documents\GitHub\ProjetBenabouVuillemin\MultiArmedBanditBV\MultiArmedBanditBV\Debug\link.4684-cvtres.write.1.tlog
C:\Users\ilana\Documents\GitHub\ProjetBenabouVuillemin\MultiArmedBanditBV\MultiArmedBanditBV\Debug\link.4700.read.1.tlog
C:\Users\ilana\Documents\GitHub\ProjetBenabouVuillemin\MultiArmedBanditBV\MultiArmedBanditBV\Debug\link.4700.write.1.tlog
C:\Users\ilana\Documents\GitHub\ProjetBenabouVuillemin\MultiArmedBanditBV\MultiArmedBanditBV\Debug\link.4700-cvtres.read.1.tlog
C:\Users\ilana\Documents\GitHub\ProjetBenabouVuillemin\MultiArmedBanditBV\MultiArmedBanditBV\Debug\link.4700-cvtres.write.1.tlog
C:\Users\ilana\Documents\GitHub\ProjetBenabouVuillemin\MultiArmedBanditBV\MultiArmedBanditBV\Debug\link.command.1.tlog
C:\Users\ilana\Documents\GitHub\ProjetBenabouVuillemin\MultiArmedBanditBV\MultiArmedBanditBV\Debug\link.read.1.tlog
C:\Users\ilana\Documents\GitHub\ProjetBenabouVuillemin\MultiArmedBanditBV\MultiArmedBanditBV\Debug\link.write.1.tlog
C:\Users\ilana\Documents\GitHub\ProjetBenabouVuillemin\MultiArmedBanditBV\MultiArmedBanditBV\Debug\link-cvtres.read.1.tlog
C:\Users\ilana\Documents\GitHub\ProjetBenabouVuillemin\MultiArmedBanditBV\MultiArmedBanditBV\Debug\link-cvtres.write.1.tlog
C:\USERS\ILANA\DOCUMENTS\GITHUB\PROJETBENABOUVUILLEMIN\MULTIARMEDBANDITBV\MULTIARMEDBANDITBV\DEBUG\MAIN.OBJ
C:\Users\ilana\Documents\GitHub\ProjetBenabouVuillemin\MultiArmedBanditBV\MultiArmedBanditBV\Debug\mt.command.1.tlog
C:\Users\ilana\Documents\GitHub\ProjetBenabouVuillemin\MultiArmedBanditBV\MultiArmedBanditBV\Debug\mt.read.1.tlog
C:\Users\ilana\Documents\GitHub\ProjetBenabouVuillemin\MultiArmedBanditBV\MultiArmedBanditBV\Debug\mt.write.1.tlog
C:\Users\ilana\Documents\GitHub\ProjetBenabouVuillemin\MultiArmedBanditBV\MultiArmedBanditBV\Debug\MultiArmedBanditBV.exe.embed.manifest
C:\USERS\ILANA\DOCUMENTS\GITHUB\PROJETBENABOUVUILLEMIN\MULTIARMEDBANDITBV\MULTIARMEDBANDITBV\DEBUG\MULTIARMEDBANDITBV.EXE.EMBED.MANIFEST.RES
C:\USERS\ILANA\DOCUMENTS\GITHUB\PROJETBENABOUVUILLEMIN\MULTIARMEDBANDITBV\MULTIARMEDBANDITBV\DEBUG\MULTIARMEDBANDITBV.EXE.INTERMEDIATE.MANIFEST
C:\Users\ilana\Documents\GitHub\ProjetBenabouVuillemin\MultiArmedBanditBV\MultiArmedBanditBV\Debug\MultiArmedBanditBV_manifest.rc
C:\Users\ilana\Documents\GitHub\ProjetBenabouVuillemin\MultiArmedBanditBV\MultiArmedBanditBV\Debug\rc.command.1.tlog
C:\Users\ilana\Documents\GitHub\ProjetBenabouVuillemin\MultiArmedBanditBV\MultiArmedBanditBV\Debug\rc.read.1.tlog
C:\Users\ilana\Documents\GitHub\ProjetBenabouVuillemin\MultiArmedBanditBV\MultiArmedBanditBV\Debug\rc.write.1.tlog
C:\USERS\ILANA\DOCUMENTS\GITHUB\PROJETBENABOUVUILLEMIN\MULTIARMEDBANDITBV\MULTIARMEDBANDITBV\DEBUG\UNIFORM.OBJ
C:\USERS\ILANA\DOCUMENTS\GITHUB\PROJETBENABOUVUILLEMIN\MULTIARMEDBANDITBV\MULTIARMEDBANDITBV\DEBUG\UNIFORMREAL.OBJ
C:\Users\ilana\Documents\GitHub\ProjetBenabouVuillemin\MultiArmedBanditBV\MultiArmedBanditBV\Debug\vc100.idb
C:\USERS\ILANA\DOCUMENTS\GITHUB\PROJETBENABOUVUILLEMIN\MULTIARMEDBANDITBV\MULTIARMEDBANDITBV\DEBUG\VC100.PDB
C:\USERS\PIERRE VUILLEMIN\DESKTOP\MULTIARMEDBANDITBV\DEBUG\MULTIARMEDBANDITBV.EXE
C:\USERS\PIERRE VUILLEMIN\DESKTOP\MULTIARMEDBANDITBV\DEBUG\MULTIARMEDBANDITBV.ILK
C:\USERS\PIERRE VUILLEMIN\DESKTOP\MULTIARMEDBANDITBV\DEBUG\MULTIARMEDBANDITBV.PDB
C:\USERS\PIERRE VUILLEMIN\DESKTOP\MULTIARMEDBANDITBV\MULTIARMEDBANDITBV\DEBUG\MAIN.OBJ
C:\USERS\PIERRE VUILLEMIN\DESKTOP\MULTIARMEDBANDITBV\MULTIARMEDBANDITBV\DEBUG\MULTIARMEDBANDITBV.EXE.EMBED.MANIFEST
C:\USERS\PIERRE VUILLEMIN\DESKTOP\MULTIARMEDBANDITBV\MULTIARMEDBANDITBV\DEBUG\MULTIARMEDBANDITBV.EXE.EMBED.MANIFEST.RES
C:\USERS\PIERRE VUILLEMIN\DESKTOP\MULTIARMEDBANDITBV\MULTIARMEDBANDITBV\DEBUG\MULTIARMEDBANDITBV.EXE.INTERMEDIATE.MANIFEST
C:\USERS\PIERRE VUILLEMIN\DESKTOP\MULTIARMEDBANDITBV\MULTIARMEDBANDITBV\DEBUG\VC100.PDB
C:\USERS\PIERRE VUILLEMIN\DOCUMENTS\GITHUB\PROJETBENABOUVUILLEMIN\MULTIARMEDBANDITBV\DEBUG\MULTIARMEDBANDITBV.EXE
C:\USERS\PIERRE VUILLEMIN\DOCUMENTS\GITHUB\PROJETBENABOUVUILLEMIN\MULTIARMEDBANDITBV\DEBUG\MULTIARMEDBANDITBV.ILK
C:\USERS\PIERRE VUILLEMIN\DOCUMENTS\GITHUB\PROJETBENABOUVUILLEMIN\MULTIARMEDBANDITBV\DEBUG\MULTIARMEDBANDITBV.PDB
C:\USERS\PIERRE VUILLEMIN\DOCUMENTS\GITHUB\PROJETBENABOUVUILLEMIN\MULTIARMEDBANDITBV\MULTIARMEDBANDITBV\DEBUG\ARM.OBJ
C:\USERS\PIERRE VUILLEMIN\DOCUMENTS\GITHUB\PROJETBENABOUVUILLEMIN\MULTIARMEDBANDITBV\MULTIARMEDBANDITBV\DEBUG\EXPONENTIAL.OBJ
C:\USERS\PIERRE VUILLEMIN\DOCUMENTS\GITHUB\PROJETBENABOUVUILLEMIN\MULTIARMEDBANDITBV\MULTIARMEDBANDITBV\DEBUG\MAIN.OBJ
C:\USERS\PIERRE VUILLEMIN\DOCUMENTS\GITHUB\PROJETBENABOUVUILLEMIN\MULTIARMEDBANDITBV\MULTIARMEDBANDITBV\DEBUG\MULTIARMEDBANDITBV.EXE.EMBED.MANIFEST.RES
C:\USERS\PIERRE VUILLEMIN\DOCUMENTS\GITHUB\PROJETBENABOUVUILLEMIN\MULTIARMEDBANDITBV\MULTIARMEDBANDITBV\DEBUG\MULTIARMEDBANDITBV.EXE.INTERMEDIATE.MANIFEST
C:\USERS\PIERRE VUILLEMIN\DOCUMENTS\GITHUB\PROJETBENABOUVUILLEMIN\MULTIARMEDBANDITBV\MULTIARMEDBANDITBV\DEBUG\VC100.PDB
