La génération a démarré 11/02/2014 17:30:50.
     1>Projet "C:\Users\Pierre Vuillemin\Desktop\Logiciels\C++\SDL\SDL_tutorial\SDL_tutorial\SDL_tutorial.vcxproj" sur le nœud 2 (build cible(s)).
     1>InitializeBuildStatus:
         Création de "Debug\SDL_tutorial.unsuccessfulbuild", car "AlwaysCreate" a été spécifié.
       ClCompile:
         C:\Program Files (x86)\Microsoft Visual Studio 10.0\VC\bin\CL.exe /c /ZI /nologo /W3 /WX- /Od /Oy- /D WIN32 /D _DEBUG /D _CONSOLE /D _UNICODE /D UNICODE /Gm /EHsc /RTC1 /MD /GS /fp:precise /Zc:wchar_t /Zc:forScope /Fo"Debug\\" /Fd"Debug\vc100.pdb" /Gd /TP /analyze- /errorReport:prompt main.cpp
         main.cpp
       ManifestResourceCompile:
         Toutes les sorties sont à jour.
       Link:
         C:\Program Files (x86)\Microsoft Visual Studio 10.0\VC\bin\link.exe /ERRORREPORT:PROMPT /OUT:"C:\Users\Pierre Vuillemin\Desktop\Logiciels\C++\SDL\SDL_tutorial\Debug\SDL_tutorial.exe" /INCREMENTAL /NOLOGO SDL.lib SDLmain.lib SDL_image.lib kernel32.lib user32.lib gdi32.lib winspool.lib comdlg32.lib advapi32.lib shell32.lib ole32.lib oleaut32.lib uuid.lib odbc32.lib odbccp32.lib /MANIFEST /ManifestFile:"Debug\SDL_tutorial.exe.intermediate.manifest" /MANIFESTUAC:"level='asInvoker' uiAccess='false'" /DEBUG /PDB:"C:\Users\Pierre Vuillemin\Desktop\Logiciels\C++\SDL\SDL_tutorial\Debug\SDL_tutorial.pdb" /SUBSYSTEM:WINDOWS /TLBID:1 /DYNAMICBASE /NXCOMPAT /IMPLIB:"C:\Users\Pierre Vuillemin\Desktop\Logiciels\C++\SDL\SDL_tutorial\Debug\SDL_tutorial.lib" /MACHINE:X86 Debug\SDL_tutorial.exe.embed.manifest.res
         Debug\apply_surface.obj
         Debug\load_image.obj
         Debug\main.obj
       Manifest:
         C:\Program Files (x86)\Microsoft SDKs\Windows\v7.0A\bin\mt.exe /nologo /verbose /out:"Debug\SDL_tutorial.exe.embed.manifest" /manifest Debug\SDL_tutorial.exe.intermediate.manifest
         Toutes les sorties sont à jour.
       LinkEmbedManifest:
         Toutes les sorties sont à jour.
         SDL_tutorial.vcxproj -> C:\Users\Pierre Vuillemin\Desktop\Logiciels\C++\SDL\SDL_tutorial\Debug\SDL_tutorial.exe
       FinalizeBuildStatus:
         Suppression du fichier "Debug\SDL_tutorial.unsuccessfulbuild".
         Mise à jour de l'horodatage "Debug\SDL_tutorial.lastbuildstate".
     1>Génération du projet "C:\Users\Pierre Vuillemin\Desktop\Logiciels\C++\SDL\SDL_tutorial\SDL_tutorial\SDL_tutorial.vcxproj" terminée (build cible(s)).

La génération a réussi.

Temps écoulé 00:00:04.98
